<?xml version="1.0" encoding="UTF-8"?>
<testng-results ignored="0" total="1" passed="1" failed="0" skipped="0">
  <reporter-output>
  </reporter-output>
  <suite started-at="2021-08-16T14:13:26 IST" name="Default suite" finished-at="2021-08-16T14:15:32 IST" duration-ms="126553">
    <groups>
    </groups>
    <test started-at="2021-08-16T14:13:26 IST" name="Default test" finished-at="2021-08-16T14:15:32 IST" duration-ms="126553">
      <class name="com.youtube.songs.PlaySongs">
        <test-method is-config="true" signature="openBrowser()[pri:0, instance:com.youtube.songs.PlaySongs@7f552bd3]" started-at="2021-08-16T14:13:26 IST" name="openBrowser" finished-at="2021-08-16T14:14:38 IST" duration-ms="72619" status="PASS">
          <reporter-output>
          </reporter-output>
        </test-method> <!-- openBrowser -->
        <test-method signature="ButtaBomma()[pri:0, instance:com.youtube.songs.PlaySongs@7f552bd3]" started-at="2021-08-16T14:14:38 IST" name="ButtaBomma" finished-at="2021-08-16T14:15:32 IST" duration-ms="53787" status="PASS">
          <reporter-output>
          </reporter-output>
        </test-method> <!-- ButtaBomma -->
      </class> <!-- com.youtube.songs.PlaySongs -->
    </test> <!-- Default test -->
  </suite> <!-- Default suite -->
</testng-results>
